{"uid":"e26c780d9e3bdc74","name":"testSelectMonth","fullName":"tests.TimeIntervalPannelTest.testSelectMonth","historyId":"8f2c714d724e8c1f841047537eaa3ab5","time":{"start":1761201945627,"stop":1761201947069,"duration":1442},"description":"Проверить, что можно выбрать интервал 'За месяц'","descriptionHtml":"<p>Проверить, что можно выбрать интервал 'За месяц'</p>\n","status":"broken","statusMessage":"Session ID is null. Using WebDriver after calling quit()?\nBuild info: version: '4.35.0', revision: '1c58e5028b'\nSystem info: os.name: 'Linux', os.arch: 'amd64', os.version: '6.11.0-1018-azure', java.version: '17.0.17'\nDriver info: org.openqa.selenium.remote.RemoteWebDriver\nCommand: [null, getCurrentUrl {}]\nCapabilities {acceptInsecureCerts: false, browserName: chrome, browserVersion: 141.0.7390.107, chrome: {chromedriverVersion: 141.0.7390.78 (2b53b0e231fc..., userDataDir: /tmp/.org.chromium.Chromium...}, fedcm:accounts: true, goog:chromeOptions: {debuggerAddress: localhost:44565}, goog:loggingPrefs: {browser: ALL}, networkConnectionEnabled: false, pageLoadStrategy: normal, platformName: linux, proxy: Proxy(), se:bidiEnabled: false, se:cdp: ws://172.18.0.2:4444/sessio..., se:cdpVersion: 141.0.7390.107, se:containerName: 3656b8349033, se:deleteSessionOnUi: true, se:downloadsEnabled: true, se:noVncPort: 7900, se:vnc: ws://172.18.0.2:4444/sessio..., se:vncEnabled: true, se:vncLocalAddress: ws://172.18.0.2:7900, setWindowRect: true, strictFileInteractability: false, timeouts: {implicit: 0, pageLoad: 300000, script: 30000}, unhandledPromptBehavior: dismiss and notify, webauthn:extension:credBlob: true, webauthn:extension:largeBlob: true, webauthn:extension:minPinLength: true, webauthn:extension:prf: true, webauthn:virtualAuthenticators: true}","statusTrace":"org.openqa.selenium.NoSuchSessionException: Session ID is null. Using WebDriver after calling quit()?\nBuild info: version: '4.35.0', revision: '1c58e5028b'\nSystem info: os.name: 'Linux', os.arch: 'amd64', os.version: '6.11.0-1018-azure', java.version: '17.0.17'\nDriver info: org.openqa.selenium.remote.RemoteWebDriver\nCommand: [null, getCurrentUrl {}]\nCapabilities {acceptInsecureCerts: false, browserName: chrome, browserVersion: 141.0.7390.107, chrome: {chromedriverVersion: 141.0.7390.78 (2b53b0e231fc..., userDataDir: /tmp/.org.chromium.Chromium...}, fedcm:accounts: true, goog:chromeOptions: {debuggerAddress: localhost:44565}, goog:loggingPrefs: {browser: ALL}, networkConnectionEnabled: false, pageLoadStrategy: normal, platformName: linux, proxy: Proxy(), se:bidiEnabled: false, se:cdp: ws://172.18.0.2:4444/sessio..., se:cdpVersion: 141.0.7390.107, se:containerName: 3656b8349033, se:deleteSessionOnUi: true, se:downloadsEnabled: true, se:noVncPort: 7900, se:vnc: ws://172.18.0.2:4444/sessio..., se:vncEnabled: true, se:vncLocalAddress: ws://172.18.0.2:7900, setWindowRect: true, strictFileInteractability: false, timeouts: {implicit: 0, pageLoad: 300000, script: 30000}, unhandledPromptBehavior: dismiss and notify, webauthn:extension:credBlob: true, webauthn:extension:largeBlob: true, webauthn:extension:minPinLength: true, webauthn:extension:prf: true, webauthn:virtualAuthenticators: true}\n\tat org.openqa.selenium.remote.HttpCommandExecutor.execute(HttpCommandExecutor.java:176)\n\tat org.openqa.selenium.remote.TracedCommandExecutor.execute(TracedCommandExecutor.java:53)\n\tat org.openqa.selenium.remote.RemoteWebDriver.execute(RemoteWebDriver.java:557)\n\tat org.openqa.selenium.remote.RemoteWebDriver.execute(RemoteWebDriver.java:630)\n\tat org.openqa.selenium.remote.RemoteWebDriver.execute(RemoteWebDriver.java:634)\n\tat org.openqa.selenium.remote.RemoteWebDriver.getCurrentUrl(RemoteWebDriver.java:337)\n\tat org.openqa.selenium.support.ui.ExpectedConditions$4.apply(ExpectedConditions.java:124)\n\tat org.openqa.selenium.support.ui.ExpectedConditions$4.apply(ExpectedConditions.java:119)\n\tat org.openqa.selenium.support.ui.FluentWait.until(FluentWait.java:203)\n\tat tests.TimeIntervalPannelTest.testSelectMonth(TimeIntervalPannelTest.java:182)\n\tat java.base/jdk.internal.reflect.NativeMethodAccessorImpl.invoke0(Native Method)\n\tat java.base/jdk.internal.reflect.NativeMethodAccessorImpl.invoke(NativeMethodAccessorImpl.java:77)\n\tat java.base/jdk.internal.reflect.DelegatingMethodAccessorImpl.invoke(DelegatingMethodAccessorImpl.java:43)\n\tat java.base/java.lang.reflect.Method.invoke(Method.java:569)\n\tat org.testng.internal.invokers.MethodInvocationHelper.invokeMethod(MethodInvocationHelper.java:141)\n\tat org.testng.internal.invokers.TestInvoker.invokeMethod(TestInvoker.java:687)\n\tat org.testng.internal.invokers.TestInvoker.invokeTestMethod(TestInvoker.java:230)\n\tat org.testng.internal.invokers.MethodRunner.runInSequence(MethodRunner.java:63)\n\tat org.testng.internal.invokers.TestInvoker$MethodInvocationAgent.invoke(TestInvoker.java:995)\n\tat org.testng.internal.invokers.TestInvoker.invokeTestMethods(TestInvoker.java:203)\n\tat org.testng.internal.invokers.TestMethodWorker.invokeTestMethods(TestMethodWorker.java:154)\n\tat org.testng.internal.invokers.TestMethodWorker.run(TestMethodWorker.java:134)\n\tat java.base/java.util.ArrayList.forEach(ArrayList.java:1511)\n\tat org.testng.TestRunner.privateRun(TestRunner.java:741)\n\tat org.testng.TestRunner.run(TestRunner.java:616)\n\tat org.testng.SuiteRunner.runTest(SuiteRunner.java:421)\n\tat org.testng.SuiteRunner.runSequentially(SuiteRunner.java:413)\n\tat org.testng.SuiteRunner.privateRun(SuiteRunner.java:373)\n\tat org.testng.SuiteRunner.run(SuiteRunner.java:312)\n\tat org.testng.SuiteRunnerWorker.runSuite(SuiteRunnerWorker.java:52)\n\tat org.testng.SuiteRunnerWorker.run(SuiteRunnerWorker.java:95)\n\tat org.testng.TestNG.runSuitesSequentially(TestNG.java:1274)\n\tat org.testng.TestNG.runSuitesLocally(TestNG.java:1208)\n\tat org.testng.TestNG.runSuites(TestNG.java:1112)\n\tat org.testng.TestNG.run(TestNG.java:1079)\n\tat org.apache.maven.surefire.testng.TestNGExecutor.run(TestNGExecutor.java:308)\n\tat org.apache.maven.surefire.testng.TestNGXmlTestSuite.execute(TestNGXmlTestSuite.java:71)\n\tat org.apache.maven.surefire.testng.TestNGProvider.invoke(TestNGProvider.java:113)\n\tat org.apache.maven.surefire.booter.ForkedBooter.runSuitesInProcess(ForkedBooter.java:385)\n\tat org.apache.maven.surefire.booter.ForkedBooter.execute(ForkedBooter.java:162)\n\tat org.apache.maven.surefire.booter.ForkedBooter.run(ForkedBooter.java:507)\n\tat org.apache.maven.surefire.booter.ForkedBooter.main(ForkedBooter.java:495)\n","flaky":false,"newFailed":false,"newBroken":false,"newPassed":false,"retriesCount":0,"retriesStatusChange":false,"beforeStages":[{"name":"beforeMethod","time":{"start":1761201935599,"stop":1761201945625,"duration":10026},"description":"","status":"passed","steps":[],"attachments":[{"uid":"f1a9f131420cae88","name":"RemoteUrl","source":"f1a9f131420cae88.txt","type":"text/plain","size":28}],"parameters":[],"stepsCount":0,"shouldDisplayMessage":false,"attachmentsCount":1,"hasContent":true,"attachmentStep":false}],"testStage":{"description":"Проверить, что можно выбрать интервал 'За месяц'","status":"broken","statusMessage":"Session ID is null. Using WebDriver after calling quit()?\nBuild info: version: '4.35.0', revision: '1c58e5028b'\nSystem info: os.name: 'Linux', os.arch: 'amd64', os.version: '6.11.0-1018-azure', java.version: '17.0.17'\nDriver info: org.openqa.selenium.remote.RemoteWebDriver\nCommand: [null, getCurrentUrl {}]\nCapabilities {acceptInsecureCerts: false, browserName: chrome, browserVersion: 141.0.7390.107, chrome: {chromedriverVersion: 141.0.7390.78 (2b53b0e231fc..., userDataDir: /tmp/.org.chromium.Chromium...}, fedcm:accounts: true, goog:chromeOptions: {debuggerAddress: localhost:44565}, goog:loggingPrefs: {browser: ALL}, networkConnectionEnabled: false, pageLoadStrategy: normal, platformName: linux, proxy: Proxy(), se:bidiEnabled: false, se:cdp: ws://172.18.0.2:4444/sessio..., se:cdpVersion: 141.0.7390.107, se:containerName: 3656b8349033, se:deleteSessionOnUi: true, se:downloadsEnabled: true, se:noVncPort: 7900, se:vnc: ws://172.18.0.2:4444/sessio..., se:vncEnabled: true, se:vncLocalAddress: ws://172.18.0.2:7900, setWindowRect: true, strictFileInteractability: false, timeouts: {implicit: 0, pageLoad: 300000, script: 30000}, unhandledPromptBehavior: dismiss and notify, webauthn:extension:credBlob: true, webauthn:extension:largeBlob: true, webauthn:extension:minPinLength: true, webauthn:extension:prf: true, webauthn:virtualAuthenticators: true}","statusTrace":"org.openqa.selenium.NoSuchSessionException: Session ID is null. Using WebDriver after calling quit()?\nBuild info: version: '4.35.0', revision: '1c58e5028b'\nSystem info: os.name: 'Linux', os.arch: 'amd64', os.version: '6.11.0-1018-azure', java.version: '17.0.17'\nDriver info: org.openqa.selenium.remote.RemoteWebDriver\nCommand: [null, getCurrentUrl {}]\nCapabilities {acceptInsecureCerts: false, browserName: chrome, browserVersion: 141.0.7390.107, chrome: {chromedriverVersion: 141.0.7390.78 (2b53b0e231fc..., userDataDir: /tmp/.org.chromium.Chromium...}, fedcm:accounts: true, goog:chromeOptions: {debuggerAddress: localhost:44565}, goog:loggingPrefs: {browser: ALL}, networkConnectionEnabled: false, pageLoadStrategy: normal, platformName: linux, proxy: Proxy(), se:bidiEnabled: false, se:cdp: ws://172.18.0.2:4444/sessio..., se:cdpVersion: 141.0.7390.107, se:containerName: 3656b8349033, se:deleteSessionOnUi: true, se:downloadsEnabled: true, se:noVncPort: 7900, se:vnc: ws://172.18.0.2:4444/sessio..., se:vncEnabled: true, se:vncLocalAddress: ws://172.18.0.2:7900, setWindowRect: true, strictFileInteractability: false, timeouts: {implicit: 0, pageLoad: 300000, script: 30000}, unhandledPromptBehavior: dismiss and notify, webauthn:extension:credBlob: true, webauthn:extension:largeBlob: true, webauthn:extension:minPinLength: true, webauthn:extension:prf: true, webauthn:virtualAuthenticators: true}\n\tat org.openqa.selenium.remote.HttpCommandExecutor.execute(HttpCommandExecutor.java:176)\n\tat org.openqa.selenium.remote.TracedCommandExecutor.execute(TracedCommandExecutor.java:53)\n\tat org.openqa.selenium.remote.RemoteWebDriver.execute(RemoteWebDriver.java:557)\n\tat org.openqa.selenium.remote.RemoteWebDriver.execute(RemoteWebDriver.java:630)\n\tat org.openqa.selenium.remote.RemoteWebDriver.execute(RemoteWebDriver.java:634)\n\tat org.openqa.selenium.remote.RemoteWebDriver.getCurrentUrl(RemoteWebDriver.java:337)\n\tat org.openqa.selenium.support.ui.ExpectedConditions$4.apply(ExpectedConditions.java:124)\n\tat org.openqa.selenium.support.ui.ExpectedConditions$4.apply(ExpectedConditions.java:119)\n\tat org.openqa.selenium.support.ui.FluentWait.until(FluentWait.java:203)\n\tat tests.TimeIntervalPannelTest.testSelectMonth(TimeIntervalPannelTest.java:182)\n\tat java.base/jdk.internal.reflect.NativeMethodAccessorImpl.invoke0(Native Method)\n\tat java.base/jdk.internal.reflect.NativeMethodAccessorImpl.invoke(NativeMethodAccessorImpl.java:77)\n\tat java.base/jdk.internal.reflect.DelegatingMethodAccessorImpl.invoke(DelegatingMethodAccessorImpl.java:43)\n\tat java.base/java.lang.reflect.Method.invoke(Method.java:569)\n\tat org.testng.internal.invokers.MethodInvocationHelper.invokeMethod(MethodInvocationHelper.java:141)\n\tat org.testng.internal.invokers.TestInvoker.invokeMethod(TestInvoker.java:687)\n\tat org.testng.internal.invokers.TestInvoker.invokeTestMethod(TestInvoker.java:230)\n\tat org.testng.internal.invokers.MethodRunner.runInSequence(MethodRunner.java:63)\n\tat org.testng.internal.invokers.TestInvoker$MethodInvocationAgent.invoke(TestInvoker.java:995)\n\tat org.testng.internal.invokers.TestInvoker.invokeTestMethods(TestInvoker.java:203)\n\tat org.testng.internal.invokers.TestMethodWorker.invokeTestMethods(TestMethodWorker.java:154)\n\tat org.testng.internal.invokers.TestMethodWorker.run(TestMethodWorker.java:134)\n\tat java.base/java.util.ArrayList.forEach(ArrayList.java:1511)\n\tat org.testng.TestRunner.privateRun(TestRunner.java:741)\n\tat org.testng.TestRunner.run(TestRunner.java:616)\n\tat org.testng.SuiteRunner.runTest(SuiteRunner.java:421)\n\tat org.testng.SuiteRunner.runSequentially(SuiteRunner.java:413)\n\tat org.testng.SuiteRunner.privateRun(SuiteRunner.java:373)\n\tat org.testng.SuiteRunner.run(SuiteRunner.java:312)\n\tat org.testng.SuiteRunnerWorker.runSuite(SuiteRunnerWorker.java:52)\n\tat org.testng.SuiteRunnerWorker.run(SuiteRunnerWorker.java:95)\n\tat org.testng.TestNG.runSuitesSequentially(TestNG.java:1274)\n\tat org.testng.TestNG.runSuitesLocally(TestNG.java:1208)\n\tat org.testng.TestNG.runSuites(TestNG.java:1112)\n\tat org.testng.TestNG.run(TestNG.java:1079)\n\tat org.apache.maven.surefire.testng.TestNGExecutor.run(TestNGExecutor.java:308)\n\tat org.apache.maven.surefire.testng.TestNGXmlTestSuite.execute(TestNGXmlTestSuite.java:71)\n\tat org.apache.maven.surefire.testng.TestNGProvider.invoke(TestNGProvider.java:113)\n\tat org.apache.maven.surefire.booter.ForkedBooter.runSuitesInProcess(ForkedBooter.java:385)\n\tat org.apache.maven.surefire.booter.ForkedBooter.execute(ForkedBooter.java:162)\n\tat org.apache.maven.surefire.booter.ForkedBooter.run(ForkedBooter.java:507)\n\tat org.apache.maven.surefire.booter.ForkedBooter.main(ForkedBooter.java:495)\n","steps":[{"name":"Добавляю значение в поле Логин","time":{"start":1761201945627,"stop":1761201945902,"duration":275},"status":"passed","steps":[],"attachments":[],"parameters":[{"name":"login","value":"***"}],"stepsCount":0,"shouldDisplayMessage":false,"attachmentsCount":0,"hasContent":true,"attachmentStep":false},{"name":"Добавляю значение в поле Пароль","time":{"start":1761201945903,"stop":1761201945992,"duration":89},"status":"passed","steps":[],"attachments":[],"parameters":[{"name":"password","value":"***"}],"stepsCount":0,"shouldDisplayMessage":false,"attachmentsCount":0,"hasContent":true,"attachmentStep":false},{"name":"Кликаю кнопку Войти с подсказкой","time":{"start":1761201945992,"stop":1761201947060,"duration":1068},"status":"passed","steps":[],"attachments":[],"parameters":[],"stepsCount":0,"shouldDisplayMessage":false,"attachmentsCount":0,"hasContent":false,"attachmentStep":false}],"attachments":[],"parameters":[],"stepsCount":3,"shouldDisplayMessage":true,"attachmentsCount":0,"hasContent":true,"attachmentStep":false},"afterStages":[{"name":"afterMethod","time":{"start":1761201947070,"stop":1761201947246,"duration":176},"description":"","status":"passed","steps":[],"attachments":[{"uid":"331746bffb31726e","name":"screenshot.png","source":"331746bffb31726e.png","type":"image/png","size":74130},{"uid":"a6bf478c2705c196","name":"Page HTML","source":"a6bf478c2705c196.html","type":"text/html","size":50188}],"parameters":[],"stepsCount":0,"shouldDisplayMessage":false,"attachmentsCount":2,"hasContent":true,"attachmentStep":false}],"labels":[{"name":"package","value":"tests.TimeIntervalPannelTest"},{"name":"testClass","value":"tests.TimeIntervalPannelTest"},{"name":"testMethod","value":"testSelectMonth"},{"name":"parentSuite","value":"Мультибраузерное тестирование"},{"name":"suite","value":"Браузер Yandex"},{"name":"subSuite","value":"tests.TimeIntervalPannelTest"},{"name":"host","value":"runnervmwhb2z"},{"name":"thread","value":"3111@runnervmwhb2z.main(1)"},{"name":"framework","value":"testng"},{"name":"language","value":"java"},{"name":"epic","value":"Статичные элементы"},{"name":"feature","value":"Панель временного интервала"},{"name":"severity","value":"normal"},{"name":"resultFormat","value":"allure2"}],"parameters":[{"name":"browser","value":"yandex"}],"links":[],"hidden":false,"retry":false,"extra":{"severity":"normal","retries":[],"categories":[{"name":"Test defects","matchedStatuses":[],"flaky":false}],"history":{"statistic":{"failed":0,"broken":2,"skipped":0,"passed":2,"unknown":0,"total":4},"items":[{"uid":"e1a1bccf121b2551","reportUrl":"https://MapGary.github.io/SP-WEB-UI/72/#testresult/e1a1bccf121b2551","status":"broken","statusDetails":"Expected condition failed: waiting for url to contain \"precision=\". Current url: \"https://web.staging.diatechnic.ru/dashboard?view=0&measureType=0&object=0\" (tried for 5 second(s) with 500 milliseconds interval)\nBuild info: version: '4.35.0', revision: '1c58e5028b'\nSystem info: os.name: 'Linux', os.arch: 'amd64', os.version: '6.11.0-1018-azure', java.version: '17.0.17'\nDriver info: org.openqa.selenium.remote.RemoteWebDriver\nCapabilities {acceptInsecureCerts: false, browserName: chrome, browserVersion: 141.0.7390.107, chrome: {chromedriverVersion: 141.0.7390.78 (2b53b0e231fc..., userDataDir: /tmp/.org.chromium.Chromium...}, fedcm:accounts: true, goog:chromeOptions: {debuggerAddress: localhost:45965}, goog:loggingPrefs: {browser: ALL}, networkConnectionEnabled: false, pageLoadStrategy: normal, platformName: linux, proxy: Proxy(), se:bidiEnabled: false, se:cdp: ws://172.18.0.2:4444/sessio..., se:cdpVersion: 141.0.7390.107, se:containerName: 445b4e96875a, se:deleteSessionOnUi: true, se:downloadsEnabled: true, se:noVncPort: 7900, se:vnc: ws://172.18.0.2:4444/sessio..., se:vncEnabled: true, se:vncLocalAddress: ws://172.18.0.2:7900, setWindowRect: true, strictFileInteractability: false, timeouts: {implicit: 0, pageLoad: 300000, script: 30000}, unhandledPromptBehavior: dismiss and notify, webauthn:extension:credBlob: true, webauthn:extension:largeBlob: true, webauthn:extension:minPinLength: true, webauthn:extension:prf: true, webauthn:virtualAuthenticators: true}\nSession ID: a73983eae78c88023ae054631c022251","time":{"start":1761200715448,"stop":1761200721986,"duration":6538}},{"uid":"e136c5bd171d3eae","reportUrl":"https://MapGary.github.io/SP-WEB-UI/71/#testresult/e136c5bd171d3eae","status":"passed","time":{"start":1761156758777,"stop":1761156765586,"duration":6809}},{"uid":"72722f020cba4b92","reportUrl":"https://MapGary.github.io/SP-WEB-UI/71/#testresult/72722f020cba4b92","status":"passed","time":{"start":1761155449118,"stop":1761155456317,"duration":7199}}]},"tags":[]},"source":"e26c780d9e3bdc74.json","parameterValues":["yandex"]}