{"uid":"627dda3afb319d3f","name":"testClickLogo","fullName":"tests.TestAuthLogin.testClickLogo","historyId":"ad9fde4c72d4b96effc8b53d1bb56be5","time":{"start":1760512917096,"stop":1760512917284,"duration":188},"description":"Клик по лого на странице Login","descriptionHtml":"<p>Клик по лого на странице Login</p>\n","status":"failed","statusMessage":"expected [null] but found [null]","statusTrace":"java.lang.AssertionError: expected [null] but found [null]\n\tat org.testng.Assert.fail(Assert.java:111)\n\tat org.testng.Assert.failNotEquals(Assert.java:1590)\n\tat org.testng.Assert.assertEqualsImpl(Assert.java:150)\n\tat org.testng.Assert.assertEquals(Assert.java:132)\n\tat org.testng.Assert.assertEquals(Assert.java:656)\n\tat org.testng.Assert.assertEquals(Assert.java:666)\n\tat tests.TestAuthLogin.testClickLogo(TestAuthLogin.java:217)\n\tat java.base/jdk.internal.reflect.NativeMethodAccessorImpl.invoke0(Native Method)\n\tat java.base/jdk.internal.reflect.NativeMethodAccessorImpl.invoke(NativeMethodAccessorImpl.java:77)\n\tat java.base/jdk.internal.reflect.DelegatingMethodAccessorImpl.invoke(DelegatingMethodAccessorImpl.java:43)\n\tat java.base/java.lang.reflect.Method.invoke(Method.java:569)\n\tat org.testng.internal.invokers.MethodInvocationHelper.invokeMethod(MethodInvocationHelper.java:141)\n\tat org.testng.internal.invokers.TestInvoker.invokeMethod(TestInvoker.java:687)\n\tat org.testng.internal.invokers.TestInvoker.invokeTestMethod(TestInvoker.java:230)\n\tat org.testng.internal.invokers.MethodRunner.runInSequence(MethodRunner.java:63)\n\tat org.testng.internal.invokers.TestInvoker$MethodInvocationAgent.invoke(TestInvoker.java:995)\n\tat org.testng.internal.invokers.TestInvoker.invokeTestMethods(TestInvoker.java:203)\n\tat org.testng.internal.invokers.TestMethodWorker.invokeTestMethods(TestMethodWorker.java:154)\n\tat org.testng.internal.invokers.TestMethodWorker.run(TestMethodWorker.java:134)\n\tat java.base/java.util.ArrayList.forEach(ArrayList.java:1511)\n\tat org.testng.TestRunner.privateRun(TestRunner.java:741)\n\tat org.testng.TestRunner.run(TestRunner.java:616)\n\tat org.testng.SuiteRunner.runTest(SuiteRunner.java:421)\n\tat org.testng.SuiteRunner.runSequentially(SuiteRunner.java:413)\n\tat org.testng.SuiteRunner.privateRun(SuiteRunner.java:373)\n\tat org.testng.SuiteRunner.run(SuiteRunner.java:312)\n\tat org.testng.SuiteRunnerWorker.runSuite(SuiteRunnerWorker.java:52)\n\tat org.testng.SuiteRunnerWorker.run(SuiteRunnerWorker.java:95)\n\tat org.testng.TestNG.runSuitesSequentially(TestNG.java:1274)\n\tat org.testng.TestNG.runSuitesLocally(TestNG.java:1208)\n\tat org.testng.TestNG.runSuites(TestNG.java:1112)\n\tat org.testng.TestNG.run(TestNG.java:1079)\n\tat org.apache.maven.surefire.testng.TestNGExecutor.run(TestNGExecutor.java:308)\n\tat org.apache.maven.surefire.testng.TestNGXmlTestSuite.execute(TestNGXmlTestSuite.java:71)\n\tat org.apache.maven.surefire.testng.TestNGProvider.invoke(TestNGProvider.java:113)\n\tat org.apache.maven.surefire.booter.ForkedBooter.runSuitesInProcess(ForkedBooter.java:385)\n\tat org.apache.maven.surefire.booter.ForkedBooter.execute(ForkedBooter.java:162)\n\tat org.apache.maven.surefire.booter.ForkedBooter.run(ForkedBooter.java:507)\n\tat org.apache.maven.surefire.booter.ForkedBooter.main(ForkedBooter.java:495)\n","flaky":false,"newFailed":false,"newBroken":false,"newPassed":false,"retriesCount":0,"retriesStatusChange":false,"beforeStages":[{"name":"beforeMethod","time":{"start":1760512906426,"stop":1760512917094,"duration":10668},"description":"","status":"passed","steps":[],"attachments":[{"uid":"6ce101086351fb13","name":"RemoteUrl","source":"6ce101086351fb13.txt","type":"text/plain","size":28}],"parameters":[],"stepsCount":0,"shouldDisplayMessage":false,"attachmentsCount":1,"hasContent":true,"attachmentStep":false}],"testStage":{"description":"Клик по лого на странице Login","status":"failed","statusMessage":"expected [null] but found [null]","statusTrace":"java.lang.AssertionError: expected [null] but found [null]\n\tat org.testng.Assert.fail(Assert.java:111)\n\tat org.testng.Assert.failNotEquals(Assert.java:1590)\n\tat org.testng.Assert.assertEqualsImpl(Assert.java:150)\n\tat org.testng.Assert.assertEquals(Assert.java:132)\n\tat org.testng.Assert.assertEquals(Assert.java:656)\n\tat org.testng.Assert.assertEquals(Assert.java:666)\n\tat tests.TestAuthLogin.testClickLogo(TestAuthLogin.java:217)\n\tat java.base/jdk.internal.reflect.NativeMethodAccessorImpl.invoke0(Native Method)\n\tat java.base/jdk.internal.reflect.NativeMethodAccessorImpl.invoke(NativeMethodAccessorImpl.java:77)\n\tat java.base/jdk.internal.reflect.DelegatingMethodAccessorImpl.invoke(DelegatingMethodAccessorImpl.java:43)\n\tat java.base/java.lang.reflect.Method.invoke(Method.java:569)\n\tat org.testng.internal.invokers.MethodInvocationHelper.invokeMethod(MethodInvocationHelper.java:141)\n\tat org.testng.internal.invokers.TestInvoker.invokeMethod(TestInvoker.java:687)\n\tat org.testng.internal.invokers.TestInvoker.invokeTestMethod(TestInvoker.java:230)\n\tat org.testng.internal.invokers.MethodRunner.runInSequence(MethodRunner.java:63)\n\tat org.testng.internal.invokers.TestInvoker$MethodInvocationAgent.invoke(TestInvoker.java:995)\n\tat org.testng.internal.invokers.TestInvoker.invokeTestMethods(TestInvoker.java:203)\n\tat org.testng.internal.invokers.TestMethodWorker.invokeTestMethods(TestMethodWorker.java:154)\n\tat org.testng.internal.invokers.TestMethodWorker.run(TestMethodWorker.java:134)\n\tat java.base/java.util.ArrayList.forEach(ArrayList.java:1511)\n\tat org.testng.TestRunner.privateRun(TestRunner.java:741)\n\tat org.testng.TestRunner.run(TestRunner.java:616)\n\tat org.testng.SuiteRunner.runTest(SuiteRunner.java:421)\n\tat org.testng.SuiteRunner.runSequentially(SuiteRunner.java:413)\n\tat org.testng.SuiteRunner.privateRun(SuiteRunner.java:373)\n\tat org.testng.SuiteRunner.run(SuiteRunner.java:312)\n\tat org.testng.SuiteRunnerWorker.runSuite(SuiteRunnerWorker.java:52)\n\tat org.testng.SuiteRunnerWorker.run(SuiteRunnerWorker.java:95)\n\tat org.testng.TestNG.runSuitesSequentially(TestNG.java:1274)\n\tat org.testng.TestNG.runSuitesLocally(TestNG.java:1208)\n\tat org.testng.TestNG.runSuites(TestNG.java:1112)\n\tat org.testng.TestNG.run(TestNG.java:1079)\n\tat org.apache.maven.surefire.testng.TestNGExecutor.run(TestNGExecutor.java:308)\n\tat org.apache.maven.surefire.testng.TestNGXmlTestSuite.execute(TestNGXmlTestSuite.java:71)\n\tat org.apache.maven.surefire.testng.TestNGProvider.invoke(TestNGProvider.java:113)\n\tat org.apache.maven.surefire.booter.ForkedBooter.runSuitesInProcess(ForkedBooter.java:385)\n\tat org.apache.maven.surefire.booter.ForkedBooter.execute(ForkedBooter.java:162)\n\tat org.apache.maven.surefire.booter.ForkedBooter.run(ForkedBooter.java:507)\n\tat org.apache.maven.surefire.booter.ForkedBooter.main(ForkedBooter.java:495)\n","steps":[{"name":"Кликнул по лого","time":{"start":1760512917096,"stop":1760512917171,"duration":75},"status":"passed","steps":[],"attachments":[],"parameters":[],"stepsCount":0,"shouldDisplayMessage":false,"attachmentsCount":0,"hasContent":false,"attachmentStep":false},{"name":"Проверяю, что url страницы Логин","time":{"start":1760512917171,"stop":1760512917171,"duration":0},"status":"passed","steps":[],"attachments":[],"parameters":[],"stepsCount":0,"shouldDisplayMessage":false,"attachmentsCount":0,"hasContent":false,"attachmentStep":false},{"name":"Получаю url страницы","time":{"start":1760512917271,"stop":1760512917277,"duration":6},"status":"passed","steps":[],"attachments":[],"parameters":[],"stepsCount":0,"shouldDisplayMessage":false,"attachmentsCount":0,"hasContent":false,"attachmentStep":false},{"name":"Проверяю поле settings в Local storage","time":{"start":1760512917277,"stop":1760512917277,"duration":0},"status":"passed","steps":[],"attachments":[],"parameters":[],"stepsCount":0,"shouldDisplayMessage":false,"attachmentsCount":0,"hasContent":false,"attachmentStep":false},{"name":"Получаю settings","time":{"start":1760512917277,"stop":1760512917283,"duration":6},"status":"passed","steps":[],"attachments":[{"uid":"3271b12b0bfedd6e","name":"Settings","source":"3271b12b0bfedd6e.txt","type":"text/plain","size":122}],"parameters":[],"stepsCount":0,"shouldDisplayMessage":false,"attachmentsCount":1,"hasContent":true,"attachmentStep":false}],"attachments":[],"parameters":[],"stepsCount":5,"shouldDisplayMessage":true,"attachmentsCount":1,"hasContent":true,"attachmentStep":false},"afterStages":[{"name":"afterMethod","time":{"start":1760512917285,"stop":1760512917430,"duration":145},"description":"","status":"passed","steps":[],"attachments":[{"uid":"c002eefbe73949bc","name":"screenshot.png","source":"c002eefbe73949bc.png","type":"image/png","size":19477},{"uid":"ae8b974e7074efe","name":"Page HTML","source":"ae8b974e7074efe.html","type":"text/html","size":14052}],"parameters":[],"stepsCount":0,"shouldDisplayMessage":false,"attachmentsCount":2,"hasContent":true,"attachmentStep":false}],"labels":[{"name":"package","value":"tests.TestAuthLogin"},{"name":"testClass","value":"tests.TestAuthLogin"},{"name":"testMethod","value":"testClickLogo"},{"name":"parentSuite","value":"Мультибраузерное тестирование"},{"name":"suite","value":"Браузер Edge"},{"name":"subSuite","value":"tests.TestAuthLogin"},{"name":"host","value":"runnervmwhb2z"},{"name":"thread","value":"3194@runnervmwhb2z.main(1)"},{"name":"framework","value":"testng"},{"name":"language","value":"java"},{"name":"feature","value":"Клик по лого на странице Login"},{"name":"epic","value":"Авторизация и аутентификация"},{"name":"severity","value":"minor"},{"name":"resultFormat","value":"allure2"}],"parameters":[{"name":"browser","value":"edge"}],"links":[{"name":"https://team-b9fb.testit.software/projects/1/tests/224","type":"custom"}],"hidden":false,"retry":false,"extra":{"severity":"minor","retries":[],"categories":[{"name":"Product defects","matchedStatuses":[],"flaky":false}],"history":{"statistic":{"failed":3,"broken":5,"skipped":0,"passed":0,"unknown":0,"total":8},"items":[{"uid":"44b6d4ca6b07638e","reportUrl":"https://MapGary.github.io/SP-WEB-UI/23/#testresult/44b6d4ca6b07638e","status":"failed","statusDetails":"expected [{\"schemeColumnCount\":\"2\",\"layoutDirection\":\"ltr\"}] but found [null]","time":{"start":1760505803073,"stop":1760505803259,"duration":186}},{"uid":"c376bf4f258f0765","reportUrl":"https://MapGary.github.io/SP-WEB-UI/22/#testresult/c376bf4f258f0765","status":"broken","statusDetails":"Cannot invoke \"String.getBytes(java.nio.charset.Charset)\" because \"content\" is null","time":{"start":1760502440142,"stop":1760502440339,"duration":197}},{"uid":"5a8265a0fa278302","reportUrl":"https://MapGary.github.io/SP-WEB-UI/21/#testresult/5a8265a0fa278302","status":"broken","statusDetails":"Cannot invoke \"String.getBytes(java.nio.charset.Charset)\" because \"content\" is null","time":{"start":1760502365083,"stop":1760502365295,"duration":212}},{"uid":"fbf5445620e508dd","reportUrl":"https://MapGary.github.io/SP-WEB-UI/20/#testresult/fbf5445620e508dd","status":"broken","statusDetails":"Cannot invoke \"String.getBytes(java.nio.charset.Charset)\" because \"content\" is null","time":{"start":1760365010067,"stop":1760365010256,"duration":189}},{"uid":"5d1addc810eaab1","reportUrl":"https://MapGary.github.io/SP-WEB-UI/19/#testresult/5d1addc810eaab1","status":"broken","statusDetails":"Cannot invoke \"String.getBytes(java.nio.charset.Charset)\" because \"content\" is null","time":{"start":1760288129400,"stop":1760288129604,"duration":204}},{"uid":"d614dfde1b096639","reportUrl":"https://MapGary.github.io/SP-WEB-UI/18/#testresult/d614dfde1b096639","status":"broken","statusDetails":"Cannot invoke \"String.getBytes(java.nio.charset.Charset)\" because \"content\" is null","time":{"start":1760286722154,"stop":1760286722345,"duration":191}},{"uid":"ecf747bc46218660","reportUrl":"https://MapGary.github.io/SP-WEB-UI/17/#testresult/ecf747bc46218660","status":"failed","statusDetails":"expected [https://web.staging.diatechnic.ru/login] but found [https://web.staging.diatechnic.ru/]","time":{"start":1760285970931,"stop":1760285971013,"duration":82}}]},"tags":[]},"source":"627dda3afb319d3f.json","parameterValues":["edge"]}