{"uid":"9ad0fbadfb2ed7ee","name":"testClickLogo","fullName":"tests.TestAuthLogin.testClickLogo","historyId":"497f543ce8876c2ba3293bfb2820a087","time":{"start":1760512828334,"stop":1760512828536,"duration":202},"description":"Клик по лого на странице Login","descriptionHtml":"<p>Клик по лого на странице Login</p>\n","status":"failed","statusMessage":"expected [null] but found [null]","statusTrace":"java.lang.AssertionError: expected [null] but found [null]\n\tat org.testng.Assert.fail(Assert.java:111)\n\tat org.testng.Assert.failNotEquals(Assert.java:1590)\n\tat org.testng.Assert.assertEqualsImpl(Assert.java:150)\n\tat org.testng.Assert.assertEquals(Assert.java:132)\n\tat org.testng.Assert.assertEquals(Assert.java:656)\n\tat org.testng.Assert.assertEquals(Assert.java:666)\n\tat tests.TestAuthLogin.testClickLogo(TestAuthLogin.java:217)\n\tat java.base/jdk.internal.reflect.NativeMethodAccessorImpl.invoke0(Native Method)\n\tat java.base/jdk.internal.reflect.NativeMethodAccessorImpl.invoke(NativeMethodAccessorImpl.java:77)\n\tat java.base/jdk.internal.reflect.DelegatingMethodAccessorImpl.invoke(DelegatingMethodAccessorImpl.java:43)\n\tat java.base/java.lang.reflect.Method.invoke(Method.java:569)\n\tat org.testng.internal.invokers.MethodInvocationHelper.invokeMethod(MethodInvocationHelper.java:141)\n\tat org.testng.internal.invokers.TestInvoker.invokeMethod(TestInvoker.java:687)\n\tat org.testng.internal.invokers.TestInvoker.invokeTestMethod(TestInvoker.java:230)\n\tat org.testng.internal.invokers.MethodRunner.runInSequence(MethodRunner.java:63)\n\tat org.testng.internal.invokers.TestInvoker$MethodInvocationAgent.invoke(TestInvoker.java:995)\n\tat org.testng.internal.invokers.TestInvoker.invokeTestMethods(TestInvoker.java:203)\n\tat org.testng.internal.invokers.TestMethodWorker.invokeTestMethods(TestMethodWorker.java:154)\n\tat org.testng.internal.invokers.TestMethodWorker.run(TestMethodWorker.java:134)\n\tat java.base/java.util.ArrayList.forEach(ArrayList.java:1511)\n\tat org.testng.TestRunner.privateRun(TestRunner.java:741)\n\tat org.testng.TestRunner.run(TestRunner.java:616)\n\tat org.testng.SuiteRunner.runTest(SuiteRunner.java:421)\n\tat org.testng.SuiteRunner.runSequentially(SuiteRunner.java:413)\n\tat org.testng.SuiteRunner.privateRun(SuiteRunner.java:373)\n\tat org.testng.SuiteRunner.run(SuiteRunner.java:312)\n\tat org.testng.SuiteRunnerWorker.runSuite(SuiteRunnerWorker.java:52)\n\tat org.testng.SuiteRunnerWorker.run(SuiteRunnerWorker.java:95)\n\tat org.testng.TestNG.runSuitesSequentially(TestNG.java:1274)\n\tat org.testng.TestNG.runSuitesLocally(TestNG.java:1208)\n\tat org.testng.TestNG.runSuites(TestNG.java:1112)\n\tat org.testng.TestNG.run(TestNG.java:1079)\n\tat org.apache.maven.surefire.testng.TestNGExecutor.run(TestNGExecutor.java:308)\n\tat org.apache.maven.surefire.testng.TestNGXmlTestSuite.execute(TestNGXmlTestSuite.java:71)\n\tat org.apache.maven.surefire.testng.TestNGProvider.invoke(TestNGProvider.java:113)\n\tat org.apache.maven.surefire.booter.ForkedBooter.runSuitesInProcess(ForkedBooter.java:385)\n\tat org.apache.maven.surefire.booter.ForkedBooter.execute(ForkedBooter.java:162)\n\tat org.apache.maven.surefire.booter.ForkedBooter.run(ForkedBooter.java:507)\n\tat org.apache.maven.surefire.booter.ForkedBooter.main(ForkedBooter.java:495)\n","flaky":false,"newFailed":false,"newBroken":false,"newPassed":false,"retriesCount":0,"retriesStatusChange":false,"beforeStages":[{"name":"beforeMethod","time":{"start":1760512820580,"stop":1760512828331,"duration":7751},"description":"","status":"passed","steps":[],"attachments":[{"uid":"feef46df2e0a986","name":"RemoteUrl","source":"feef46df2e0a986.txt","type":"text/plain","size":28}],"parameters":[],"stepsCount":0,"shouldDisplayMessage":false,"attachmentsCount":1,"hasContent":true,"attachmentStep":false}],"testStage":{"description":"Клик по лого на странице Login","status":"failed","statusMessage":"expected [null] but found [null]","statusTrace":"java.lang.AssertionError: expected [null] but found [null]\n\tat org.testng.Assert.fail(Assert.java:111)\n\tat org.testng.Assert.failNotEquals(Assert.java:1590)\n\tat org.testng.Assert.assertEqualsImpl(Assert.java:150)\n\tat org.testng.Assert.assertEquals(Assert.java:132)\n\tat org.testng.Assert.assertEquals(Assert.java:656)\n\tat org.testng.Assert.assertEquals(Assert.java:666)\n\tat tests.TestAuthLogin.testClickLogo(TestAuthLogin.java:217)\n\tat java.base/jdk.internal.reflect.NativeMethodAccessorImpl.invoke0(Native Method)\n\tat java.base/jdk.internal.reflect.NativeMethodAccessorImpl.invoke(NativeMethodAccessorImpl.java:77)\n\tat java.base/jdk.internal.reflect.DelegatingMethodAccessorImpl.invoke(DelegatingMethodAccessorImpl.java:43)\n\tat java.base/java.lang.reflect.Method.invoke(Method.java:569)\n\tat org.testng.internal.invokers.MethodInvocationHelper.invokeMethod(MethodInvocationHelper.java:141)\n\tat org.testng.internal.invokers.TestInvoker.invokeMethod(TestInvoker.java:687)\n\tat org.testng.internal.invokers.TestInvoker.invokeTestMethod(TestInvoker.java:230)\n\tat org.testng.internal.invokers.MethodRunner.runInSequence(MethodRunner.java:63)\n\tat org.testng.internal.invokers.TestInvoker$MethodInvocationAgent.invoke(TestInvoker.java:995)\n\tat org.testng.internal.invokers.TestInvoker.invokeTestMethods(TestInvoker.java:203)\n\tat org.testng.internal.invokers.TestMethodWorker.invokeTestMethods(TestMethodWorker.java:154)\n\tat org.testng.internal.invokers.TestMethodWorker.run(TestMethodWorker.java:134)\n\tat java.base/java.util.ArrayList.forEach(ArrayList.java:1511)\n\tat org.testng.TestRunner.privateRun(TestRunner.java:741)\n\tat org.testng.TestRunner.run(TestRunner.java:616)\n\tat org.testng.SuiteRunner.runTest(SuiteRunner.java:421)\n\tat org.testng.SuiteRunner.runSequentially(SuiteRunner.java:413)\n\tat org.testng.SuiteRunner.privateRun(SuiteRunner.java:373)\n\tat org.testng.SuiteRunner.run(SuiteRunner.java:312)\n\tat org.testng.SuiteRunnerWorker.runSuite(SuiteRunnerWorker.java:52)\n\tat org.testng.SuiteRunnerWorker.run(SuiteRunnerWorker.java:95)\n\tat org.testng.TestNG.runSuitesSequentially(TestNG.java:1274)\n\tat org.testng.TestNG.runSuitesLocally(TestNG.java:1208)\n\tat org.testng.TestNG.runSuites(TestNG.java:1112)\n\tat org.testng.TestNG.run(TestNG.java:1079)\n\tat org.apache.maven.surefire.testng.TestNGExecutor.run(TestNGExecutor.java:308)\n\tat org.apache.maven.surefire.testng.TestNGXmlTestSuite.execute(TestNGXmlTestSuite.java:71)\n\tat org.apache.maven.surefire.testng.TestNGProvider.invoke(TestNGProvider.java:113)\n\tat org.apache.maven.surefire.booter.ForkedBooter.runSuitesInProcess(ForkedBooter.java:385)\n\tat org.apache.maven.surefire.booter.ForkedBooter.execute(ForkedBooter.java:162)\n\tat org.apache.maven.surefire.booter.ForkedBooter.run(ForkedBooter.java:507)\n\tat org.apache.maven.surefire.booter.ForkedBooter.main(ForkedBooter.java:495)\n","steps":[{"name":"Кликнул по лого","time":{"start":1760512828335,"stop":1760512828416,"duration":81},"status":"passed","steps":[],"attachments":[],"parameters":[],"stepsCount":0,"shouldDisplayMessage":false,"attachmentsCount":0,"hasContent":false,"attachmentStep":false},{"name":"Проверяю, что url страницы Логин","time":{"start":1760512828416,"stop":1760512828416,"duration":0},"status":"passed","steps":[],"attachments":[],"parameters":[],"stepsCount":0,"shouldDisplayMessage":false,"attachmentsCount":0,"hasContent":false,"attachmentStep":false},{"name":"Получаю url страницы","time":{"start":1760512828513,"stop":1760512828520,"duration":7},"status":"passed","steps":[],"attachments":[],"parameters":[],"stepsCount":0,"shouldDisplayMessage":false,"attachmentsCount":0,"hasContent":false,"attachmentStep":false},{"name":"Проверяю поле settings в Local storage","time":{"start":1760512828520,"stop":1760512828520,"duration":0},"status":"passed","steps":[],"attachments":[],"parameters":[],"stepsCount":0,"shouldDisplayMessage":false,"attachmentsCount":0,"hasContent":false,"attachmentStep":false},{"name":"Получаю settings","time":{"start":1760512828521,"stop":1760512828529,"duration":8},"status":"passed","steps":[],"attachments":[{"uid":"949b1ab9af22b0ef","name":"Settings","source":"949b1ab9af22b0ef.txt","type":"text/plain","size":122}],"parameters":[],"stepsCount":0,"shouldDisplayMessage":false,"attachmentsCount":1,"hasContent":true,"attachmentStep":false}],"attachments":[],"parameters":[],"stepsCount":5,"shouldDisplayMessage":true,"attachmentsCount":1,"hasContent":true,"attachmentStep":false},"afterStages":[{"name":"afterMethod","time":{"start":1760512828542,"stop":1760512828725,"duration":183},"description":"","status":"passed","steps":[],"attachments":[{"uid":"c181d923126892fd","name":"screenshot.png","source":"c181d923126892fd.png","type":"image/png","size":19477},{"uid":"c157709fe859dde6","name":"Page HTML","source":"c157709fe859dde6.html","type":"text/html","size":14052}],"parameters":[],"stepsCount":0,"shouldDisplayMessage":false,"attachmentsCount":2,"hasContent":true,"attachmentStep":false}],"labels":[{"name":"package","value":"tests.TestAuthLogin"},{"name":"testClass","value":"tests.TestAuthLogin"},{"name":"testMethod","value":"testClickLogo"},{"name":"parentSuite","value":"Мультибраузерное тестирование"},{"name":"suite","value":"Браузер Chrome"},{"name":"subSuite","value":"tests.TestAuthLogin"},{"name":"host","value":"runnervmwhb2z"},{"name":"thread","value":"3194@runnervmwhb2z.main(1)"},{"name":"framework","value":"testng"},{"name":"language","value":"java"},{"name":"feature","value":"Клик по лого на странице Login"},{"name":"epic","value":"Авторизация и аутентификация"},{"name":"severity","value":"minor"},{"name":"resultFormat","value":"allure2"}],"parameters":[{"name":"browser","value":"chrome"}],"links":[{"name":"https://team-b9fb.testit.software/projects/1/tests/224","type":"custom"}],"hidden":false,"retry":false,"extra":{"severity":"minor","retries":[],"categories":[{"name":"Product defects","matchedStatuses":[],"flaky":false}],"history":{"statistic":{"failed":3,"broken":5,"skipped":0,"passed":0,"unknown":0,"total":8},"items":[{"uid":"b4395e908133838b","reportUrl":"https://MapGary.github.io/SP-WEB-UI/23/#testresult/b4395e908133838b","status":"failed","statusDetails":"expected [{\"schemeColumnCount\":\"2\",\"layoutDirection\":\"ltr\"}] but found [null]","time":{"start":1760505712318,"stop":1760505712513,"duration":195}},{"uid":"ae0b81940d248907","reportUrl":"https://MapGary.github.io/SP-WEB-UI/22/#testresult/ae0b81940d248907","status":"broken","statusDetails":"Cannot invoke \"String.getBytes(java.nio.charset.Charset)\" because \"content\" is null","time":{"start":1760502303111,"stop":1760502303660,"duration":549}},{"uid":"30be4a46b0919c29","reportUrl":"https://MapGary.github.io/SP-WEB-UI/21/#testresult/30be4a46b0919c29","status":"broken","statusDetails":"Cannot invoke \"String.getBytes(java.nio.charset.Charset)\" because \"content\" is null","time":{"start":1760502260243,"stop":1760502260457,"duration":214}},{"uid":"3a9c7ca31bbdaa53","reportUrl":"https://MapGary.github.io/SP-WEB-UI/20/#testresult/3a9c7ca31bbdaa53","status":"broken","statusDetails":"Cannot invoke \"String.getBytes(java.nio.charset.Charset)\" because \"content\" is null","time":{"start":1760364916626,"stop":1760364916821,"duration":195}},{"uid":"bafe341985352434","reportUrl":"https://MapGary.github.io/SP-WEB-UI/19/#testresult/bafe341985352434","status":"broken","statusDetails":"Cannot invoke \"String.getBytes(java.nio.charset.Charset)\" because \"content\" is null","time":{"start":1760288047024,"stop":1760288047238,"duration":214}},{"uid":"dad7a6c2c9a5e2d1","reportUrl":"https://MapGary.github.io/SP-WEB-UI/18/#testresult/dad7a6c2c9a5e2d1","status":"broken","statusDetails":"Cannot invoke \"String.getBytes(java.nio.charset.Charset)\" because \"content\" is null","time":{"start":1760286636260,"stop":1760286636458,"duration":198}},{"uid":"6cdb358e7704cc34","reportUrl":"https://MapGary.github.io/SP-WEB-UI/17/#testresult/6cdb358e7704cc34","status":"failed","statusDetails":"expected [https://web.staging.diatechnic.ru/login] but found [https://web.staging.diatechnic.ru/]","time":{"start":1760285888242,"stop":1760285888336,"duration":94}}]},"tags":[]},"source":"9ad0fbadfb2ed7ee.json","parameterValues":["chrome"]}